Starting EMCO Server (Evidence-aware Mobile Computational Offloading)
Available ports : [6008, 6009, 6010, 6011, 6012, 6013, 6014, 6015, 6001, 6002, 6003, 6004, 6005, 6006, 6007, 6020, 6018, 6019, 6016, 6017]
Handling a code offload request
Handling a code offload request
Handling a code offload request
Handling a code offload request
Handling a code offload request
Handling a code offload request
Handling a code offload request
Handling a code offload request
Handling a code offload request
Handling a code offload request
Handling a code offload request
Handling a code offload request
Handling a code offload request
Handling a code offload request
Handling a code offload request
Available ports : [6008, 6009, 6010, 6011, 6012]
Available ports : [6008, 6009, 6010, 6011, 6012]
Result was found
Respose was sent to the mobile: [F@725a0faf
Result was found
Respose was sent to the mobile: [F@5e13fb15
Result was found
Respose was sent to the mobile: [F@362957a4
Result was found
Respose was sent to the mobile: [F@5025502e
Result was found
Respose was sent to the mobile: [F@5efad969
Result was found
Respose was sent to the mobile: [F@3f3471d
Result was found
Respose was sent to the mobile: [F@7d480d96
Result was found
Result was found
Respose was sent to the mobile: [F@5e5edf72
Respose was sent to the mobile: [F@68ec7913
Result was found
Respose was sent to the mobile: [F@26514577
Result was found
Respose was sent to the mobile: [F@f785762
Result was found
Respose was sent to the mobile: [F@1e37fd24
Result was found
Respose was sent to the mobile: [F@68a980fa
Result was found
Respose was sent to the mobile: [F@56920ee7
Result was found
Respose was sent to the mobile: [F@3ae2d2fe
Available ports : [6008, 6009, 6010, 6011, 6012, 6013, 6018, 6003, 6007, 6019, 6002, 6001, 6015, 6014, 6005, 6004, 6017, 6020, 6006, 6016]
Available ports : [6008, 6009, 6010, 6011, 6012, 6013, 6018, 6003, 6007, 6019, 6002, 6001, 6015, 6014, 6005, 6004, 6017, 6020, 6006, 6016]
Handling a code offload request
Handling a code offload request
Handling a code offload request
Handling a code offload request
Handling a code offload request
Handling a code offload request
Handling a code offload request
Handling a code offload request
Handling a code offload request
Handling a code offload request
Handling a code offload request
Handling a code offload request
Handling a code offload request
Handling a code offload request
Handling a code offload request
Available ports : [6008, 6009, 6010, 6011, 6012]
Result was found
Respose was sent to the mobile: [F@2d6a346a
Result was found
Respose was sent to the mobile: [F@140de537
Result was found
Respose was sent to the mobile: [F@f9e681c
Result was found
Result was found
Respose was sent to the mobile: [F@1e0ed5b2
Respose was sent to the mobile: [F@60dd0912
Result was found
Result was found
Respose was sent to the mobile: [F@105ef1eb
Respose was sent to the mobile: [F@722cb5c6
Result was found
Respose was sent to the mobile: [F@158c4d4c
Result was found
Respose was sent to the mobile: [F@55acc1c2
Result was found
Respose was sent to the mobile: [F@64f9c26e
Result was found
Respose was sent to the mobile: [F@56466f1d
Result was found
Respose was sent to the mobile: [F@4db0590b
Result was found
Result was found
Respose was sent to the mobile: [F@27cf35d3
Respose was sent to the mobile: [F@1827b40b
Result was found
Respose was sent to the mobile: [F@a5c0f8f
Available ports : [6008, 6009, 6010, 6011, 6012, 6001, 6002, 6016, 6018, 6019, 6020, 6017, 6007, 6014, 6005, 6013, 6006, 6004, 6003, 6015]
Available ports : [6008, 6009, 6010, 6011, 6012, 6001, 6002, 6016, 6018, 6019, 6020, 6017, 6007, 6014, 6005, 6013, 6006, 6004, 6003, 6015]
Available ports : [6008, 6009, 6010, 6011, 6012, 6001, 6002, 6016, 6018, 6019, 6020, 6017, 6007, 6014, 6005, 6013, 6006, 6004, 6003, 6015]
Handling a code offload request
Handling a code offload request
Handling a code offload request
Handling a code offload request
Handling a code offload request
Handling a code offload request
Handling a code offload request
Handling a code offload request
Handling a code offload request
Handling a code offload request
Handling a code offload request
Handling a code offload request
Handling a code offload request
Handling a code offload request
Handling a code offload request
Available ports : [6008, 6009, 6010, 6011, 6012]
Result was found
Respose was sent to the mobile: [F@78b4cbc5
Result was found
Respose was sent to the mobile: [F@7e28388b
Result was found
Respose was sent to the mobile: [F@8a353ed
Result was found
Respose was sent to the mobile: [F@4128d1f4
Result was found
Respose was sent to the mobile: [F@961e946
Result was found
Respose was sent to the mobile: [F@76557c15
Result was found
Respose was sent to the mobile: [F@4c8c4559
Result was found
Respose was sent to the mobile: [F@487011c
Result was found
Respose was sent to the mobile: [F@2a2bfd5
Result was found
Respose was sent to the mobile: [F@553503e5
Result was found
Respose was sent to the mobile: [F@391c3288
Result was found
Respose was sent to the mobile: [F@32046f93
Result was found
Respose was sent to the mobile: [F@2c2767c8
Result was found
Respose was sent to the mobile: [F@4838ddcc
Result was found
Respose was sent to the mobile: [F@6609e5f0
Available ports : [6008, 6009, 6010, 6011, 6012, 6004, 6020, 6017, 6016, 6019, 6002, 6007, 6005, 6003, 6014, 6013, 6001, 6015, 6006, 6018]
Available ports : [6008, 6009, 6010, 6011, 6012, 6004, 6020, 6017, 6016, 6019, 6002, 6007, 6005, 6003, 6014, 6013, 6001, 6015, 6006, 6018]
Available ports : [6008, 6009, 6010, 6011, 6012, 6004, 6020, 6017, 6016, 6019, 6002, 6007, 6005, 6003, 6014, 6013, 6001, 6015, 6006, 6018]
Handling a code offload request
Handling a code offload request
Handling a code offload request
Handling a code offload request
Handling a code offload request
Handling a code offload request
Handling a code offload request
Handling a code offload request
Handling a code offload request
Handling a code offload request
Handling a code offload request
Handling a code offload request
Handling a code offload request
Handling a code offload request
Handling a code offload request
Available ports : [6008, 6009, 6010, 6011, 6012]
Result was found
Respose was sent to the mobile: [F@3a3e162d
Result was found
Respose was sent to the mobile: [F@3f62e847
Result was found
Respose was sent to the mobile: [F@757d5b2a
Result was found
Respose was sent to the mobile: [F@5679f0ec
Result was found
Respose was sent to the mobile: [F@3cf94dad
Result was found
Respose was sent to the mobile: [F@63bc19e
Result was found
Respose was sent to the mobile: [F@2db5424e
Result was found
Respose was sent to the mobile: [F@54014944
Result was found
Result was found
Respose was sent to the mobile: [F@33d18707
Respose was sent to the mobile: [F@e13b792
Result was found
Respose was sent to the mobile: [F@77c4ed65
Result was found
Respose was sent to the mobile: [F@3f2bc418
Result was found
Respose was sent to the mobile: [F@43bda1e0
Result was found
Respose was sent to the mobile: [F@7eb71fa5
Result was found
Respose was sent to the mobile: [F@74131444
Available ports : [6008, 6009, 6010, 6011, 6012, 6015, 6018, 6003, 6019, 6002, 6005, 6013, 6001, 6014, 6017, 6004, 6007, 6006, 6020, 6016]
Available ports : [6008, 6009, 6010, 6011, 6012, 6015, 6018, 6003, 6019, 6002, 6005, 6013, 6001, 6014, 6017, 6004, 6007, 6006, 6020, 6016]
Available ports : [6008, 6009, 6010, 6011, 6012, 6015, 6018, 6003, 6019, 6002, 6005, 6013, 6001, 6014, 6017, 6004, 6007, 6006, 6020, 6016]
Handling a code offload request
Handling a code offload request
Handling a code offload request
Handling a code offload request
Handling a code offload request
Handling a code offload request
Handling a code offload request
Handling a code offload request
Handling a code offload request
Handling a code offload request
Handling a code offload request
Handling a code offload request
Handling a code offload request
Handling a code offload request
Handling a code offload request
Available ports : [6008, 6009, 6010, 6011, 6012]
Result was found
Respose was sent to the mobile: [F@11831d18
Result was found
Respose was sent to the mobile: [F@25c2cbee
Result was found
Respose was sent to the mobile: [F@32f02db7
Result was found
Respose was sent to the mobile: [F@60c9c2d7
Result was found
Respose was sent to the mobile: [F@554ff490
Result was found
Respose was sent to the mobile: [F@35cfee57
Result was found
Respose was sent to the mobile: [F@5d0eb27d
Result was found
Respose was sent to the mobile: [F@377b55e6
Result was found
Respose was sent to the mobile: [F@4ceafe8d
Result was found
Respose was sent to the mobile: [F@78538773
Result was found
Respose was sent to the mobile: [F@28a38b58
Result was found
Respose was sent to the mobile: [F@7860e7d2
Result was found
Respose was sent to the mobile: [F@49d159e4
Result was found
Respose was sent to the mobile: [F@5edc49c3
Result was found
Respose was sent to the mobile: [F@fd34eac
Available ports : [6008, 6009, 6010, 6011, 6012, 6006, 6004, 6017, 6007, 6013, 6005, 6014, 6003, 6019, 6016, 6018, 6020, 6002, 6001, 6015]
Available ports : [6008, 6009, 6010, 6011, 6012, 6006, 6004, 6017, 6007, 6013, 6005, 6014, 6003, 6019, 6016, 6018, 6020, 6002, 6001, 6015]
